0 info it worked if it ends with ok
1 verbose cli [ 'C:\\Program Files (x86)\\Nodist\\v-x64\\nodev6.6.0\\node.exe',
1 verbose cli   'C:\\Program Files (x86)\\Nodist\\bin\\node_modules\\npm\\bin\\npm-cli.js',
1 verbose cli   'start' ]
2 info using npm@3.10.9
3 info using node@v6.6.0
4 verbose run-script [ 'prestart', 'start', 'poststart' ]
5 info lifecycle simple-tcp-server@1.0.0~prestart: simple-tcp-server@1.0.0
6 silly lifecycle simple-tcp-server@1.0.0~prestart: no script for prestart, continuing
7 info lifecycle simple-tcp-server@1.0.0~start: simple-tcp-server@1.0.0
8 verbose lifecycle simple-tcp-server@1.0.0~start: unsafe-perm in lifecycle true
9 verbose lifecycle simple-tcp-server@1.0.0~start: PATH: C:\Program Files (x86)\Nodist\bin\node_modules\npm\bin\node-gyp-bin;D:\ITS_Project\simple-tcp-server\node_modules\.bin;C:\Program Files (x86)\Nodist\v-x64\nodev6.6.0;C:\Program Files\Docker\Docker\Resources\bin;C:\ProgramData\Oracle\Java\javapath;C:\Windows\system32;C:\Windows;C:\Windows\System32\Wbem;C:\Windows\System32\WindowsPowerShell\v1.0\;C:\Program Files (x86)\Skype\Phone\;C:\Program Files (x86)\NVIDIA Corporation\PhysX\Common;C:\Program Files\Intel\WiFi\bin\;C:\Program Files\Common Files\Intel\WirelessCommon\;C:\Program Files (x86)\Windows Kits\8.1\Windows Performance Toolkit\;C:\WINDOWS\system32;C:\WINDOWS;C:\WINDOWS\System32\Wbem;C:\WINDOWS\System32\WindowsPowerShell\v1.0\;C:\Program Files (x86)\Nodist\bin;C:\Program Files\TortoiseGit\bin;C:\Program Files\Git\cmd;C:\Program Files\Git\mingw64\bin;C:\Program Files\Git\usr\bin;C:\ProgramData\ComposerSetup\bin;C:\Program Files\Cinterion\Module Exchange Suite\;C:\Ruby23-x64\bin;C:\Program Files\Git\cmd;C:\Program Files\Intel\WiFi\bin\;C:\Program Files\Common Files\Intel\WirelessCommon\;C:\Users\Apple\AppData\Local\.meteor\;C:\Program Files (x86)\Microsoft Visual Studio 14.0\VC\bin;C:\Program Files (x86)\Microsoft Visual Studio 14.0\VC\include;C:\Python27;C:\Program Files (x86)\Nodist\bin;F:\php-7.0.6-Win32-VC14-x64;F:\nano;F:\nasm-2.12.01;F:\MongoDB\Server\3.2\bin;C:\Python27\Scripts;F:\apache-maven-3.3.9\bin;F:\mosquitto;C:\Program Files\Wireshark;F:\Redis-x64-3.2.100;F:\nwjs-v0.16.0-win-x64_;F:\nwjs-sdk-v0.16.0-win-x64;F:\cmder;C:\Users\Apple\AppData\Local\Microsoft\WindowsApps;C:\Program Files (x86)\Microsoft VS Code\bin;F:\nhrok;C:\Program Files\Java\jdk1.8.0_77\bin;C:\Program Files\Docker Toolbox;C:\Program Files\Oracle\VirtualBox;C:\Users\Apple\AppData\Roaming\Composer\vendor\bin;F:\php-5.6.27-nts-Win32-VC11-x64;F:\siege-win;F:\mariadb-10.1.18-winx64\bin
10 verbose lifecycle simple-tcp-server@1.0.0~start: CWD: D:\ITS_Project\simple-tcp-server
11 silly lifecycle simple-tcp-server@1.0.0~start: Args: [ '/d /s /c', 'node server.js' ]
12 silly lifecycle simple-tcp-server@1.0.0~start: Returned: code: 1  signal: null
13 info lifecycle simple-tcp-server@1.0.0~start: Failed to exec start script
14 verbose stack Error: simple-tcp-server@1.0.0 start: `node server.js`
14 verbose stack Exit status 1
14 verbose stack     at EventEmitter.<anonymous> (C:\Program Files (x86)\Nodist\bin\node_modules\npm\lib\utils\lifecycle.js:255:16)
14 verbose stack     at emitTwo (events.js:106:13)
14 verbose stack     at EventEmitter.emit (events.js:191:7)
14 verbose stack     at ChildProcess.<anonymous> (C:\Program Files (x86)\Nodist\bin\node_modules\npm\lib\utils\spawn.js:40:14)
14 verbose stack     at emitTwo (events.js:106:13)
14 verbose stack     at ChildProcess.emit (events.js:191:7)
14 verbose stack     at maybeClose (internal/child_process.js:877:16)
14 verbose stack     at Process.ChildProcess._handle.onexit (internal/child_process.js:226:5)
15 verbose pkgid simple-tcp-server@1.0.0
16 verbose cwd D:\ITS_Project\simple-tcp-server
17 error Windows_NT 10.0.14393
18 error argv "C:\\Program Files (x86)\\Nodist\\v-x64\\nodev6.6.0\\node.exe" "C:\\Program Files (x86)\\Nodist\\bin\\node_modules\\npm\\bin\\npm-cli.js" "start"
19 error node v6.6.0
20 error npm  v3.10.9
21 error code ELIFECYCLE
22 error simple-tcp-server@1.0.0 start: `node server.js`
22 error Exit status 1
23 error Failed at the simple-tcp-server@1.0.0 start script 'node server.js'.
23 error Make sure you have the latest version of node.js and npm installed.
23 error If you do, this is most likely a problem with the simple-tcp-server package,
23 error not with npm itself.
23 error Tell the author that this fails on your system:
23 error     node server.js
23 error You can get information on how to open an issue for this project with:
23 error     npm bugs simple-tcp-server
23 error Or if that isn't available, you can get their info via:
23 error     npm owner ls simple-tcp-server
23 error There is likely additional logging output above.
24 verbose exit [ 1, true ]
